The system is: Linux - 5.4.0-144-generic - aarch64
Compiling the CXX compiler identification source file "CMakeCXXCompilerId.cpp" succeeded.
Compiler: /usr/bin/c++ 
Build flags: 
Id flags:  

The output was:
0


Compilation of the CXX compiler identification source "CMakeCXXCompilerId.cpp" produced "a.out"

The CXX compiler identification is Clang, found in "/home/uwem/Desktop/490/490p/eva_implementation/seal/CMakeFiles/3.16.3/CompilerIdCXX/a.out"

Determining if the CXX compiler works passed with the following output:
Change Dir: /home/uwem/Desktop/490/490p/eva_implementation/seal/CMakeFiles/CMakeTmp

Run Build Command(s):/usr/bin/make cmTC_c51b5/fast && /usr/bin/make -f CMakeFiles/cmTC_c51b5.dir/build.make CMakeFiles/cmTC_c51b5.dir/build
make[1]: Entering directory '/home/uwem/Desktop/490/490p/eva_implementation/seal/CMakeFiles/CMakeTmp'
Building CXX object CMakeFiles/cmTC_c51b5.dir/testCXXCompiler.cxx.o
/usr/bin/c++     -o CMakeFiles/cmTC_c51b5.dir/testCXXCompiler.cxx.o -c /home/uwem/Desktop/490/490p/eva_implementation/seal/CMakeFiles/CMakeTmp/testCXXCompiler.cxx
Linking CXX executable cmTC_c51b5
/usr/bin/cmake -E cmake_link_script CMakeFiles/cmTC_c51b5.dir/link.txt --verbose=1
/usr/bin/c++       CMakeFiles/cmTC_c51b5.dir/testCXXCompiler.cxx.o  -o cmTC_c51b5 
make[1]: Leaving directory '/home/uwem/Desktop/490/490p/eva_implementation/seal/CMakeFiles/CMakeTmp'



Detecting CXX compiler ABI info compiled with the following output:
Change Dir: /home/uwem/Desktop/490/490p/eva_implementation/seal/CMakeFiles/CMakeTmp

Run Build Command(s):/usr/bin/make cmTC_d6097/fast && /usr/bin/make -f CMakeFiles/cmTC_d6097.dir/build.make CMakeFiles/cmTC_d6097.dir/build
make[1]: Entering directory '/home/uwem/Desktop/490/490p/eva_implementation/seal/CMakeFiles/CMakeTmp'
Building CXX object CMakeFiles/cmTC_d6097.dir/CMakeCXXCompilerABI.cpp.o
/usr/bin/c++    -v -o CMakeFiles/cmTC_d6097.dir/CMakeCXXCompilerABI.cpp.o -c /usr/share/cmake-3.16/Modules/CMakeCXXCompilerABI.cpp
clang version 10.0.0-4ubuntu1 
Target: aarch64-unknown-linux-gnu
Thread model: posix
InstalledDir: /usr/bin
Found candidate GCC installation: /usr/bin/../lib/gcc/aarch64-linux-gnu/8
Found candidate GCC installation: /usr/bin/../lib/gcc/aarch64-linux-gnu/9
Found candidate GCC installation: /usr/lib/gcc/aarch64-linux-gnu/8
Found candidate GCC installation: /usr/lib/gcc/aarch64-linux-gnu/9
Selected GCC installation: /usr/bin/../lib/gcc/aarch64-linux-gnu/9
Candidate multilib: .;@m64
Selected multilib: .;@m64
 (in-process)
 "/usr/lib/llvm-10/bin/clang" -cc1 -triple aarch64-unknown-linux-gnu -emit-obj -mrelax-all -disable-free -disable-llvm-verifier -discard-value-names -main-file-name CMakeCXXCompilerABI.cpp -mrelocation-model static -mthread-model posix -mframe-pointer=non-leaf -fmath-errno -fno-rounding-math -masm-verbose -mconstructor-aliases -target-cpu generic -target-feature +neon -target-abi aapcs -fallow-half-arguments-and-returns -dwarf-column-info -fno-split-dwarf-inlining -debugger-tuning=gdb -v -resource-dir /usr/lib/llvm-10/lib/clang/10.0.0 -internal-isystem /usr/bin/../lib/gcc/aarch64-linux-gnu/9/../../../../include/c++/9 -internal-isystem /usr/bin/../lib/gcc/aarch64-linux-gnu/9/../../../../include/aarch64-linux-gnu/c++/9 -internal-isystem /usr/bin/../lib/gcc/aarch64-linux-gnu/9/../../../../include/aarch64-linux-gnu/c++/9 -internal-isystem /usr/bin/../lib/gcc/aarch64-linux-gnu/9/../../../../include/c++/9/backward -internal-isystem /usr/local/include -internal-isystem /usr/lib/llvm-10/lib/clang/10.0.0/include -internal-externc-isystem /usr/include/aarch64-linux-gnu -internal-externc-isystem /include -internal-externc-isystem /usr/include -fdeprecated-macro -fdebug-compilation-dir /home/uwem/Desktop/490/490p/eva_implementation/seal/CMakeFiles/CMakeTmp -ferror-limit 19 -fmessage-length 0 -fno-signed-char -fgnuc-version=4.2.1 -fobjc-runtime=gcc -fcxx-exceptions -fexceptions -fdiagnostics-show-option -faddrsig -o CMakeFiles/cmTC_d6097.dir/CMakeCXXCompilerABI.cpp.o -x c++ /usr/share/cmake-3.16/Modules/CMakeCXXCompilerABI.cpp
clang -cc1 version 10.0.0 based upon LLVM 10.0.0 default target aarch64-unknown-linux-gnu
ignoring nonexistent directory "/include"
ignoring duplicate directory "/usr/bin/../lib/gcc/aarch64-linux-gnu/9/../../../../include/aarch64-linux-gnu/c++/9"
#include "..." search starts here:
#include <...> search starts here:
 /usr/bin/../lib/gcc/aarch64-linux-gnu/9/../../../../include/c++/9
 /usr/bin/../lib/gcc/aarch64-linux-gnu/9/../../../../include/aarch64-linux-gnu/c++/9
 /usr/bin/../lib/gcc/aarch64-linux-gnu/9/../../../../include/c++/9/backward
 /usr/local/include
 /usr/lib/llvm-10/lib/clang/10.0.0/include
 /usr/include/aarch64-linux-gnu
 /usr/include
End of search list.
Linking CXX executable cmTC_d6097
/usr/bin/cmake -E cmake_link_script CMakeFiles/cmTC_d6097.dir/link.txt --verbose=1
/usr/bin/c++      -v CMakeFiles/cmTC_d6097.dir/CMakeCXXCompilerABI.cpp.o  -o cmTC_d6097 
clang version 10.0.0-4ubuntu1 
Target: aarch64-unknown-linux-gnu
Thread model: posix
InstalledDir: /usr/bin
Found candidate GCC installation: /usr/bin/../lib/gcc/aarch64-linux-gnu/8
Found candidate GCC installation: /usr/bin/../lib/gcc/aarch64-linux-gnu/9
Found candidate GCC installation: /usr/lib/gcc/aarch64-linux-gnu/8
Found candidate GCC installation: /usr/lib/gcc/aarch64-linux-gnu/9
Selected GCC installation: /usr/bin/../lib/gcc/aarch64-linux-gnu/9
Candidate multilib: .;@m64
Selected multilib: .;@m64
 "/usr/bin/ld" -EL -z relro --hash-style=gnu --build-id --eh-frame-hdr -m aarch64linux -dynamic-linker /lib/ld-linux-aarch64.so.1 -o cmTC_d6097 /usr/bin/../lib/gcc/aarch64-linux-gnu/9/../../../aarch64-linux-gnu/crt1.o /usr/bin/../lib/gcc/aarch64-linux-gnu/9/../../../aarch64-linux-gnu/crti.o /usr/bin/../lib/gcc/aarch64-linux-gnu/9/crtbegin.o -L/usr/bin/../lib/gcc/aarch64-linux-gnu/9 -L/usr/bin/../lib/gcc/aarch64-linux-gnu/9/../../../aarch64-linux-gnu -L/lib/aarch64-linux-gnu -L/usr/lib/aarch64-linux-gnu -L/usr/bin/../lib/gcc/aarch64-linux-gnu/9/../../.. -L/usr/lib/llvm-10/bin/../lib -L/lib -L/usr/lib CMakeFiles/cmTC_d6097.dir/CMakeCXXCompilerABI.cpp.o -lstdc++ -lm -lgcc_s -lgcc -lc -lgcc_s -lgcc /usr/bin/../lib/gcc/aarch64-linux-gnu/9/crtend.o /usr/bin/../lib/gcc/aarch64-linux-gnu/9/../../../aarch64-linux-gnu/crtn.o
make[1]: Leaving directory '/home/uwem/Desktop/490/490p/eva_implementation/seal/CMakeFiles/CMakeTmp'



Parsed CXX implicit include dir info from above output: rv=done
  found start of include info
  found start of implicit include info
    add: [/usr/bin/../lib/gcc/aarch64-linux-gnu/9/../../../../include/c++/9]
    add: [/usr/bin/../lib/gcc/aarch64-linux-gnu/9/../../../../include/aarch64-linux-gnu/c++/9]
    add: [/usr/bin/../lib/gcc/aarch64-linux-gnu/9/../../../../include/c++/9/backward]
    add: [/usr/local/include]
    add: [/usr/lib/llvm-10/lib/clang/10.0.0/include]
    add: [/usr/include/aarch64-linux-gnu]
    add: [/usr/include]
  end of search list found
  collapse include dir [/usr/bin/../lib/gcc/aarch64-linux-gnu/9/../../../../include/c++/9] ==> [/usr/include/c++/9]
  collapse include dir [/usr/bin/../lib/gcc/aarch64-linux-gnu/9/../../../../include/aarch64-linux-gnu/c++/9] ==> [/usr/include/aarch64-linux-gnu/c++/9]
  collapse include dir [/usr/bin/../lib/gcc/aarch64-linux-gnu/9/../../../../include/c++/9/backward] ==> [/usr/include/c++/9/backward]
  collapse include dir [/usr/local/include] ==> [/usr/local/include]
  collapse include dir [/usr/lib/llvm-10/lib/clang/10.0.0/include] ==> [/usr/lib/llvm-10/lib/clang/10.0.0/include]
  collapse include dir [/usr/include/aarch64-linux-gnu] ==> [/usr/include/aarch64-linux-gnu]
  collapse include dir [/usr/include] ==> [/usr/include]
  implicit include dirs: [/usr/include/c++/9;/usr/include/aarch64-linux-gnu/c++/9;/usr/include/c++/9/backward;/usr/local/include;/usr/lib/llvm-10/lib/clang/10.0.0/include;/usr/include/aarch64-linux-gnu;/usr/include]


Parsed CXX implicit link information from above output:
  link line regex: [^( *|.*[/\])(ld|CMAKE_LINK_STARTFILE-NOTFOUND|([^/\]+-)?ld|collect2)[^/\]*( |$)]
  ignore line: [Change Dir: /home/uwem/Desktop/490/490p/eva_implementation/seal/CMakeFiles/CMakeTmp]
  ignore line: []
  ignore line: [Run Build Command(s):/usr/bin/make cmTC_d6097/fast && /usr/bin/make -f CMakeFiles/cmTC_d6097.dir/build.make CMakeFiles/cmTC_d6097.dir/build]
  ignore line: [make[1]: Entering directory '/home/uwem/Desktop/490/490p/eva_implementation/seal/CMakeFiles/CMakeTmp']
  ignore line: [Building CXX object CMakeFiles/cmTC_d6097.dir/CMakeCXXCompilerABI.cpp.o]
  ignore line: [/usr/bin/c++    -v -o CMakeFiles/cmTC_d6097.dir/CMakeCXXCompilerABI.cpp.o -c /usr/share/cmake-3.16/Modules/CMakeCXXCompilerABI.cpp]
  ignore line: [clang version 10.0.0-4ubuntu1 ]
  ignore line: [Target: aarch64-unknown-linux-gnu]
  ignore line: [Thread model: posix]
  ignore line: [InstalledDir: /usr/bin]
  ignore line: [Found candidate GCC installation: /usr/bin/../lib/gcc/aarch64-linux-gnu/8]
  ignore line: [Found candidate GCC installation: /usr/bin/../lib/gcc/aarch64-linux-gnu/9]
  ignore line: [Found candidate GCC installation: /usr/lib/gcc/aarch64-linux-gnu/8]
  ignore line: [Found candidate GCC installation: /usr/lib/gcc/aarch64-linux-gnu/9]
  ignore line: [Selected GCC installation: /usr/bin/../lib/gcc/aarch64-linux-gnu/9]
  ignore line: [Candidate multilib: .]
  ignore line: [@m64]
  ignore line: [Selected multilib: .]
  ignore line: [@m64]
  ignore line: [ (in-process)]
  ignore line: [ "/usr/lib/llvm-10/bin/clang" -cc1 -triple aarch64-unknown-linux-gnu -emit-obj -mrelax-all -disable-free -disable-llvm-verifier -discard-value-names -main-file-name CMakeCXXCompilerABI.cpp -mrelocation-model static -mthread-model posix -mframe-pointer=non-leaf -fmath-errno -fno-rounding-math -masm-verbose -mconstructor-aliases -target-cpu generic -target-feature +neon -target-abi aapcs -fallow-half-arguments-and-returns -dwarf-column-info -fno-split-dwarf-inlining -debugger-tuning=gdb -v -resource-dir /usr/lib/llvm-10/lib/clang/10.0.0 -internal-isystem /usr/bin/../lib/gcc/aarch64-linux-gnu/9/../../../../include/c++/9 -internal-isystem /usr/bin/../lib/gcc/aarch64-linux-gnu/9/../../../../include/aarch64-linux-gnu/c++/9 -internal-isystem /usr/bin/../lib/gcc/aarch64-linux-gnu/9/../../../../include/aarch64-linux-gnu/c++/9 -internal-isystem /usr/bin/../lib/gcc/aarch64-linux-gnu/9/../../../../include/c++/9/backward -internal-isystem /usr/local/include -internal-isystem /usr/lib/llvm-10/lib/clang/10.0.0/include -internal-externc-isystem /usr/include/aarch64-linux-gnu -internal-externc-isystem /include -internal-externc-isystem /usr/include -fdeprecated-macro -fdebug-compilation-dir /home/uwem/Desktop/490/490p/eva_implementation/seal/CMakeFiles/CMakeTmp -ferror-limit 19 -fmessage-length 0 -fno-signed-char -fgnuc-version=4.2.1 -fobjc-runtime=gcc -fcxx-exceptions -fexceptions -fdiagnostics-show-option -faddrsig -o CMakeFiles/cmTC_d6097.dir/CMakeCXXCompilerABI.cpp.o -x c++ /usr/share/cmake-3.16/Modules/CMakeCXXCompilerABI.cpp]
  ignore line: [clang -cc1 version 10.0.0 based upon LLVM 10.0.0 default target aarch64-unknown-linux-gnu]
  ignore line: [ignoring nonexistent directory "/include"]
  ignore line: [ignoring duplicate directory "/usr/bin/../lib/gcc/aarch64-linux-gnu/9/../../../../include/aarch64-linux-gnu/c++/9"]
  ignore line: [#include "..." search starts here:]
  ignore line: [#include <...> search starts here:]
  ignore line: [ /usr/bin/../lib/gcc/aarch64-linux-gnu/9/../../../../include/c++/9]
  ignore line: [ /usr/bin/../lib/gcc/aarch64-linux-gnu/9/../../../../include/aarch64-linux-gnu/c++/9]
  ignore line: [ /usr/bin/../lib/gcc/aarch64-linux-gnu/9/../../../../include/c++/9/backward]
  ignore line: [ /usr/local/include]
  ignore line: [ /usr/lib/llvm-10/lib/clang/10.0.0/include]
  ignore line: [ /usr/include/aarch64-linux-gnu]
  ignore line: [ /usr/include]
  ignore line: [End of search list.]
  ignore line: [Linking CXX executable cmTC_d6097]
  ignore line: [/usr/bin/cmake -E cmake_link_script CMakeFiles/cmTC_d6097.dir/link.txt --verbose=1]
  ignore line: [/usr/bin/c++      -v CMakeFiles/cmTC_d6097.dir/CMakeCXXCompilerABI.cpp.o  -o cmTC_d6097 ]
  ignore line: [clang version 10.0.0-4ubuntu1 ]
  ignore line: [Target: aarch64-unknown-linux-gnu]
  ignore line: [Thread model: posix]
  ignore line: [InstalledDir: /usr/bin]
  ignore line: [Found candidate GCC installation: /usr/bin/../lib/gcc/aarch64-linux-gnu/8]
  ignore line: [Found candidate GCC installation: /usr/bin/../lib/gcc/aarch64-linux-gnu/9]
  ignore line: [Found candidate GCC installation: /usr/lib/gcc/aarch64-linux-gnu/8]
  ignore line: [Found candidate GCC installation: /usr/lib/gcc/aarch64-linux-gnu/9]
  ignore line: [Selected GCC installation: /usr/bin/../lib/gcc/aarch64-linux-gnu/9]
  ignore line: [Candidate multilib: .]
  ignore line: [@m64]
  ignore line: [Selected multilib: .]
  ignore line: [@m64]
  link line: [ "/usr/bin/ld" -EL -z relro --hash-style=gnu --build-id --eh-frame-hdr -m aarch64linux -dynamic-linker /lib/ld-linux-aarch64.so.1 -o cmTC_d6097 /usr/bin/../lib/gcc/aarch64-linux-gnu/9/../../../aarch64-linux-gnu/crt1.o /usr/bin/../lib/gcc/aarch64-linux-gnu/9/../../../aarch64-linux-gnu/crti.o /usr/bin/../lib/gcc/aarch64-linux-gnu/9/crtbegin.o -L/usr/bin/../lib/gcc/aarch64-linux-gnu/9 -L/usr/bin/../lib/gcc/aarch64-linux-gnu/9/../../../aarch64-linux-gnu -L/lib/aarch64-linux-gnu -L/usr/lib/aarch64-linux-gnu -L/usr/bin/../lib/gcc/aarch64-linux-gnu/9/../../.. -L/usr/lib/llvm-10/bin/../lib -L/lib -L/usr/lib CMakeFiles/cmTC_d6097.dir/CMakeCXXCompilerABI.cpp.o -lstdc++ -lm -lgcc_s -lgcc -lc -lgcc_s -lgcc /usr/bin/../lib/gcc/aarch64-linux-gnu/9/crtend.o /usr/bin/../lib/gcc/aarch64-linux-gnu/9/../../../aarch64-linux-gnu/crtn.o]
    arg [/usr/bin/ld] ==> ignore
    arg [-EL] ==> ignore
    arg [-zrelro] ==> ignore
    arg [--hash-style=gnu] ==> ignore
    arg [--build-id] ==> ignore
    arg [--eh-frame-hdr] ==> ignore
    arg [-m] ==> ignore
    arg [aarch64linux] ==> ignore
    arg [-dynamic-linker] ==> ignore
    arg [/lib/ld-linux-aarch64.so.1] ==> ignore
    arg [-o] ==> ignore
    arg [cmTC_d6097] ==> ignore
    arg [/usr/bin/../lib/gcc/aarch64-linux-gnu/9/../../../aarch64-linux-gnu/crt1.o] ==> ignore
    arg [/usr/bin/../lib/gcc/aarch64-linux-gnu/9/../../../aarch64-linux-gnu/crti.o] ==> ignore
    arg [/usr/bin/../lib/gcc/aarch64-linux-gnu/9/crtbegin.o] ==> ignore
    arg [-L/usr/bin/../lib/gcc/aarch64-linux-gnu/9] ==> dir [/usr/bin/../lib/gcc/aarch64-linux-gnu/9]
    arg [-L/usr/bin/../lib/gcc/aarch64-linux-gnu/9/../../../aarch64-linux-gnu] ==> dir [/usr/bin/../lib/gcc/aarch64-linux-gnu/9/../../../aarch64-linux-gnu]
    arg [-L/lib/aarch64-linux-gnu] ==> dir [/lib/aarch64-linux-gnu]
    arg [-L/usr/lib/aarch64-linux-gnu] ==> dir [/usr/lib/aarch64-linux-gnu]
    arg [-L/usr/bin/../lib/gcc/aarch64-linux-gnu/9/../../..] ==> dir [/usr/bin/../lib/gcc/aarch64-linux-gnu/9/../../..]
    arg [-L/usr/lib/llvm-10/bin/../lib] ==> dir [/usr/lib/llvm-10/bin/../lib]
    arg [-L/lib] ==> dir [/lib]
    arg [-L/usr/lib] ==> dir [/usr/lib]
    arg [CMakeFiles/cmTC_d6097.dir/CMakeCXXCompilerABI.cpp.o] ==> ignore
    arg [-lstdc++] ==> lib [stdc++]
    arg [-lm] ==> lib [m]
    arg [-lgcc_s] ==> lib [gcc_s]
    arg [-lgcc] ==> lib [gcc]
    arg [-lc] ==> lib [c]
    arg [-lgcc_s] ==> lib [gcc_s]
    arg [-lgcc] ==> lib [gcc]
    arg [/usr/bin/../lib/gcc/aarch64-linux-gnu/9/crtend.o] ==> ignore
    arg [/usr/bin/../lib/gcc/aarch64-linux-gnu/9/../../../aarch64-linux-gnu/crtn.o] ==> ignore
  collapse library dir [/usr/bin/../lib/gcc/aarch64-linux-gnu/9] ==> [/usr/lib/gcc/aarch64-linux-gnu/9]
  collapse library dir [/usr/bin/../lib/gcc/aarch64-linux-gnu/9/../../../aarch64-linux-gnu] ==> [/usr/lib/aarch64-linux-gnu]
  collapse library dir [/lib/aarch64-linux-gnu] ==> [/lib/aarch64-linux-gnu]
  collapse library dir [/usr/lib/aarch64-linux-gnu] ==> [/usr/lib/aarch64-linux-gnu]
  collapse library dir [/usr/bin/../lib/gcc/aarch64-linux-gnu/9/../../..] ==> [/usr/lib]
  collapse library dir [/usr/lib/llvm-10/bin/../lib] ==> [/usr/lib/llvm-10/lib]
  collapse library dir [/lib] ==> [/lib]
  collapse library dir [/usr/lib] ==> [/usr/lib]
  implicit libs: [stdc++;m;gcc_s;gcc;c;gcc_s;gcc]
  implicit dirs: [/usr/lib/gcc/aarch64-linux-gnu/9;/usr/lib/aarch64-linux-gnu;/lib/aarch64-linux-gnu;/usr/lib;/usr/lib/llvm-10/lib;/lib]
  implicit fwks: []


Determining if the include file pthread.h exists passed with the following output:
Change Dir: /home/uwem/Desktop/490/490p/eva_implementation/seal/CMakeFiles/CMakeTmp

Run Build Command(s):/usr/bin/make cmTC_6e3c6/fast && /usr/bin/make -f CMakeFiles/cmTC_6e3c6.dir/build.make CMakeFiles/cmTC_6e3c6.dir/build
make[1]: Entering directory '/home/uwem/Desktop/490/490p/eva_implementation/seal/CMakeFiles/CMakeTmp'
Building CXX object CMakeFiles/cmTC_6e3c6.dir/CheckIncludeFile.cxx.o
/usr/bin/c++     -o CMakeFiles/cmTC_6e3c6.dir/CheckIncludeFile.cxx.o -c /home/uwem/Desktop/490/490p/eva_implementation/seal/CMakeFiles/CMakeTmp/CheckIncludeFile.cxx
Linking CXX executable cmTC_6e3c6
/usr/bin/cmake -E cmake_link_script CMakeFiles/cmTC_6e3c6.dir/link.txt --verbose=1
/usr/bin/c++       CMakeFiles/cmTC_6e3c6.dir/CheckIncludeFile.cxx.o  -o cmTC_6e3c6 
make[1]: Leaving directory '/home/uwem/Desktop/490/490p/eva_implementation/seal/CMakeFiles/CMakeTmp'



The system is: Linux - 5.4.0-144-generic - aarch64
Compiling the CXX compiler identification source file "CMakeCXXCompilerId.cpp" succeeded.
Compiler: /usr/bin/c++ 
Build flags: 
Id flags:  

The output was:
0


Compilation of the CXX compiler identification source "CMakeCXXCompilerId.cpp" produced "a.out"

The CXX compiler identification is Clang, found in "/home/uwem/Desktop/490/490p/eva_implementation/seal/CMakeFiles/3.16.3/CompilerIdCXX/a.out"

Determining if the CXX compiler works passed with the following output:
Change Dir: /home/uwem/Desktop/490/490p/eva_implementation/seal/CMakeFiles/CMakeTmp

Run Build Command(s):/usr/bin/make cmTC_538eb/fast && /usr/bin/make -f CMakeFiles/cmTC_538eb.dir/build.make CMakeFiles/cmTC_538eb.dir/build
make[1]: Entering directory '/home/uwem/Desktop/490/490p/eva_implementation/seal/CMakeFiles/CMakeTmp'
Building CXX object CMakeFiles/cmTC_538eb.dir/testCXXCompiler.cxx.o
/usr/bin/c++     -o CMakeFiles/cmTC_538eb.dir/testCXXCompiler.cxx.o -c /home/uwem/Desktop/490/490p/eva_implementation/seal/CMakeFiles/CMakeTmp/testCXXCompiler.cxx
Linking CXX executable cmTC_538eb
/usr/bin/cmake -E cmake_link_script CMakeFiles/cmTC_538eb.dir/link.txt --verbose=1
/usr/bin/c++       CMakeFiles/cmTC_538eb.dir/testCXXCompiler.cxx.o  -o cmTC_538eb 
make[1]: Leaving directory '/home/uwem/Desktop/490/490p/eva_implementation/seal/CMakeFiles/CMakeTmp'



Detecting CXX compiler ABI info compiled with the following output:
Change Dir: /home/uwem/Desktop/490/490p/eva_implementation/seal/CMakeFiles/CMakeTmp

Run Build Command(s):/usr/bin/make cmTC_1da52/fast && /usr/bin/make -f CMakeFiles/cmTC_1da52.dir/build.make CMakeFiles/cmTC_1da52.dir/build
make[1]: Entering directory '/home/uwem/Desktop/490/490p/eva_implementation/seal/CMakeFiles/CMakeTmp'
Building CXX object CMakeFiles/cmTC_1da52.dir/CMakeCXXCompilerABI.cpp.o
/usr/bin/c++    -v -o CMakeFiles/cmTC_1da52.dir/CMakeCXXCompilerABI.cpp.o -c /usr/share/cmake-3.16/Modules/CMakeCXXCompilerABI.cpp
clang version 10.0.0-4ubuntu1 
Target: aarch64-unknown-linux-gnu
Thread model: posix
InstalledDir: /usr/bin
Found candidate GCC installation: /usr/bin/../lib/gcc/aarch64-linux-gnu/8
Found candidate GCC installation: /usr/bin/../lib/gcc/aarch64-linux-gnu/9
Found candidate GCC installation: /usr/lib/gcc/aarch64-linux-gnu/8
Found candidate GCC installation: /usr/lib/gcc/aarch64-linux-gnu/9
Selected GCC installation: /usr/bin/../lib/gcc/aarch64-linux-gnu/9
Candidate multilib: .;@m64
Selected multilib: .;@m64
 (in-process)
 "/usr/lib/llvm-10/bin/clang" -cc1 -triple aarch64-unknown-linux-gnu -emit-obj -mrelax-all -disable-free -disable-llvm-verifier -discard-value-names -main-file-name CMakeCXXCompilerABI.cpp -mrelocation-model static -mthread-model posix -mframe-pointer=non-leaf -fmath-errno -fno-rounding-math -masm-verbose -mconstructor-aliases -target-cpu generic -target-feature +neon -target-abi aapcs -fallow-half-arguments-and-returns -dwarf-column-info -fno-split-dwarf-inlining -debugger-tuning=gdb -v -resource-dir /usr/lib/llvm-10/lib/clang/10.0.0 -internal-isystem /usr/bin/../lib/gcc/aarch64-linux-gnu/9/../../../../include/c++/9 -internal-isystem /usr/bin/../lib/gcc/aarch64-linux-gnu/9/../../../../include/aarch64-linux-gnu/c++/9 -internal-isystem /usr/bin/../lib/gcc/aarch64-linux-gnu/9/../../../../include/aarch64-linux-gnu/c++/9 -internal-isystem /usr/bin/../lib/gcc/aarch64-linux-gnu/9/../../../../include/c++/9/backward -internal-isystem /usr/local/include -internal-isystem /usr/lib/llvm-10/lib/clang/10.0.0/include -internal-externc-isystem /usr/include/aarch64-linux-gnu -internal-externc-isystem /include -internal-externc-isystem /usr/include -fdeprecated-macro -fdebug-compilation-dir /home/uwem/Desktop/490/490p/eva_implementation/seal/CMakeFiles/CMakeTmp -ferror-limit 19 -fmessage-length 0 -fno-signed-char -fgnuc-version=4.2.1 -fobjc-runtime=gcc -fcxx-exceptions -fexceptions -fdiagnostics-show-option -faddrsig -o CMakeFiles/cmTC_1da52.dir/CMakeCXXCompilerABI.cpp.o -x c++ /usr/share/cmake-3.16/Modules/CMakeCXXCompilerABI.cpp
clang -cc1 version 10.0.0 based upon LLVM 10.0.0 default target aarch64-unknown-linux-gnu
ignoring nonexistent directory "/include"
ignoring duplicate directory "/usr/bin/../lib/gcc/aarch64-linux-gnu/9/../../../../include/aarch64-linux-gnu/c++/9"
#include "..." search starts here:
#include <...> search starts here:
 /usr/bin/../lib/gcc/aarch64-linux-gnu/9/../../../../include/c++/9
 /usr/bin/../lib/gcc/aarch64-linux-gnu/9/../../../../include/aarch64-linux-gnu/c++/9
 /usr/bin/../lib/gcc/aarch64-linux-gnu/9/../../../../include/c++/9/backward
 /usr/local/include
 /usr/lib/llvm-10/lib/clang/10.0.0/include
 /usr/include/aarch64-linux-gnu
 /usr/include
End of search list.
Linking CXX executable cmTC_1da52
/usr/bin/cmake -E cmake_link_script CMakeFiles/cmTC_1da52.dir/link.txt --verbose=1
/usr/bin/c++      -v CMakeFiles/cmTC_1da52.dir/CMakeCXXCompilerABI.cpp.o  -o cmTC_1da52 
clang version 10.0.0-4ubuntu1 
Target: aarch64-unknown-linux-gnu
Thread model: posix
InstalledDir: /usr/bin
Found candidate GCC installation: /usr/bin/../lib/gcc/aarch64-linux-gnu/8
Found candidate GCC installation: /usr/bin/../lib/gcc/aarch64-linux-gnu/9
Found candidate GCC installation: /usr/lib/gcc/aarch64-linux-gnu/8
Found candidate GCC installation: /usr/lib/gcc/aarch64-linux-gnu/9
Selected GCC installation: /usr/bin/../lib/gcc/aarch64-linux-gnu/9
Candidate multilib: .;@m64
Selected multilib: .;@m64
 "/usr/bin/ld" -EL -z relro --hash-style=gnu --build-id --eh-frame-hdr -m aarch64linux -dynamic-linker /lib/ld-linux-aarch64.so.1 -o cmTC_1da52 /usr/bin/../lib/gcc/aarch64-linux-gnu/9/../../../aarch64-linux-gnu/crt1.o /usr/bin/../lib/gcc/aarch64-linux-gnu/9/../../../aarch64-linux-gnu/crti.o /usr/bin/../lib/gcc/aarch64-linux-gnu/9/crtbegin.o -L/usr/bin/../lib/gcc/aarch64-linux-gnu/9 -L/usr/bin/../lib/gcc/aarch64-linux-gnu/9/../../../aarch64-linux-gnu -L/lib/aarch64-linux-gnu -L/usr/lib/aarch64-linux-gnu -L/usr/bin/../lib/gcc/aarch64-linux-gnu/9/../../.. -L/usr/lib/llvm-10/bin/../lib -L/lib -L/usr/lib CMakeFiles/cmTC_1da52.dir/CMakeCXXCompilerABI.cpp.o -lstdc++ -lm -lgcc_s -lgcc -lc -lgcc_s -lgcc /usr/bin/../lib/gcc/aarch64-linux-gnu/9/crtend.o /usr/bin/../lib/gcc/aarch64-linux-gnu/9/../../../aarch64-linux-gnu/crtn.o
make[1]: Leaving directory '/home/uwem/Desktop/490/490p/eva_implementation/seal/CMakeFiles/CMakeTmp'



Parsed CXX implicit include dir info from above output: rv=done
  found start of include info
  found start of implicit include info
    add: [/usr/bin/../lib/gcc/aarch64-linux-gnu/9/../../../../include/c++/9]
    add: [/usr/bin/../lib/gcc/aarch64-linux-gnu/9/../../../../include/aarch64-linux-gnu/c++/9]
    add: [/usr/bin/../lib/gcc/aarch64-linux-gnu/9/../../../../include/c++/9/backward]
    add: [/usr/local/include]
    add: [/usr/lib/llvm-10/lib/clang/10.0.0/include]
    add: [/usr/include/aarch64-linux-gnu]
    add: [/usr/include]
  end of search list found
  collapse include dir [/usr/bin/../lib/gcc/aarch64-linux-gnu/9/../../../../include/c++/9] ==> [/usr/include/c++/9]
  collapse include dir [/usr/bin/../lib/gcc/aarch64-linux-gnu/9/../../../../include/aarch64-linux-gnu/c++/9] ==> [/usr/include/aarch64-linux-gnu/c++/9]
  collapse include dir [/usr/bin/../lib/gcc/aarch64-linux-gnu/9/../../../../include/c++/9/backward] ==> [/usr/include/c++/9/backward]
  collapse include dir [/usr/local/include] ==> [/usr/local/include]
  collapse include dir [/usr/lib/llvm-10/lib/clang/10.0.0/include] ==> [/usr/lib/llvm-10/lib/clang/10.0.0/include]
  collapse include dir [/usr/include/aarch64-linux-gnu] ==> [/usr/include/aarch64-linux-gnu]
  collapse include dir [/usr/include] ==> [/usr/include]
  implicit include dirs: [/usr/include/c++/9;/usr/include/aarch64-linux-gnu/c++/9;/usr/include/c++/9/backward;/usr/local/include;/usr/lib/llvm-10/lib/clang/10.0.0/include;/usr/include/aarch64-linux-gnu;/usr/include]


Parsed CXX implicit link information from above output:
  link line regex: [^( *|.*[/\])(ld|CMAKE_LINK_STARTFILE-NOTFOUND|([^/\]+-)?ld|collect2)[^/\]*( |$)]
  ignore line: [Change Dir: /home/uwem/Desktop/490/490p/eva_implementation/seal/CMakeFiles/CMakeTmp]
  ignore line: []
  ignore line: [Run Build Command(s):/usr/bin/make cmTC_1da52/fast && /usr/bin/make -f CMakeFiles/cmTC_1da52.dir/build.make CMakeFiles/cmTC_1da52.dir/build]
  ignore line: [make[1]: Entering directory '/home/uwem/Desktop/490/490p/eva_implementation/seal/CMakeFiles/CMakeTmp']
  ignore line: [Building CXX object CMakeFiles/cmTC_1da52.dir/CMakeCXXCompilerABI.cpp.o]
  ignore line: [/usr/bin/c++    -v -o CMakeFiles/cmTC_1da52.dir/CMakeCXXCompilerABI.cpp.o -c /usr/share/cmake-3.16/Modules/CMakeCXXCompilerABI.cpp]
  ignore line: [clang version 10.0.0-4ubuntu1 ]
  ignore line: [Target: aarch64-unknown-linux-gnu]
  ignore line: [Thread model: posix]
  ignore line: [InstalledDir: /usr/bin]
  ignore line: [Found candidate GCC installation: /usr/bin/../lib/gcc/aarch64-linux-gnu/8]
  ignore line: [Found candidate GCC installation: /usr/bin/../lib/gcc/aarch64-linux-gnu/9]
  ignore line: [Found candidate GCC installation: /usr/lib/gcc/aarch64-linux-gnu/8]
  ignore line: [Found candidate GCC installation: /usr/lib/gcc/aarch64-linux-gnu/9]
  ignore line: [Selected GCC installation: /usr/bin/../lib/gcc/aarch64-linux-gnu/9]
  ignore line: [Candidate multilib: .]
  ignore line: [@m64]
  ignore line: [Selected multilib: .]
  ignore line: [@m64]
  ignore line: [ (in-process)]
  ignore line: [ "/usr/lib/llvm-10/bin/clang" -cc1 -triple aarch64-unknown-linux-gnu -emit-obj -mrelax-all -disable-free -disable-llvm-verifier -discard-value-names -main-file-name CMakeCXXCompilerABI.cpp -mrelocation-model static -mthread-model posix -mframe-pointer=non-leaf -fmath-errno -fno-rounding-math -masm-verbose -mconstructor-aliases -target-cpu generic -target-feature +neon -target-abi aapcs -fallow-half-arguments-and-returns -dwarf-column-info -fno-split-dwarf-inlining -debugger-tuning=gdb -v -resource-dir /usr/lib/llvm-10/lib/clang/10.0.0 -internal-isystem /usr/bin/../lib/gcc/aarch64-linux-gnu/9/../../../../include/c++/9 -internal-isystem /usr/bin/../lib/gcc/aarch64-linux-gnu/9/../../../../include/aarch64-linux-gnu/c++/9 -internal-isystem /usr/bin/../lib/gcc/aarch64-linux-gnu/9/../../../../include/aarch64-linux-gnu/c++/9 -internal-isystem /usr/bin/../lib/gcc/aarch64-linux-gnu/9/../../../../include/c++/9/backward -internal-isystem /usr/local/include -internal-isystem /usr/lib/llvm-10/lib/clang/10.0.0/include -internal-externc-isystem /usr/include/aarch64-linux-gnu -internal-externc-isystem /include -internal-externc-isystem /usr/include -fdeprecated-macro -fdebug-compilation-dir /home/uwem/Desktop/490/490p/eva_implementation/seal/CMakeFiles/CMakeTmp -ferror-limit 19 -fmessage-length 0 -fno-signed-char -fgnuc-version=4.2.1 -fobjc-runtime=gcc -fcxx-exceptions -fexceptions -fdiagnostics-show-option -faddrsig -o CMakeFiles/cmTC_1da52.dir/CMakeCXXCompilerABI.cpp.o -x c++ /usr/share/cmake-3.16/Modules/CMakeCXXCompilerABI.cpp]
  ignore line: [clang -cc1 version 10.0.0 based upon LLVM 10.0.0 default target aarch64-unknown-linux-gnu]
  ignore line: [ignoring nonexistent directory "/include"]
  ignore line: [ignoring duplicate directory "/usr/bin/../lib/gcc/aarch64-linux-gnu/9/../../../../include/aarch64-linux-gnu/c++/9"]
  ignore line: [#include "..." search starts here:]
  ignore line: [#include <...> search starts here:]
  ignore line: [ /usr/bin/../lib/gcc/aarch64-linux-gnu/9/../../../../include/c++/9]
  ignore line: [ /usr/bin/../lib/gcc/aarch64-linux-gnu/9/../../../../include/aarch64-linux-gnu/c++/9]
  ignore line: [ /usr/bin/../lib/gcc/aarch64-linux-gnu/9/../../../../include/c++/9/backward]
  ignore line: [ /usr/local/include]
  ignore line: [ /usr/lib/llvm-10/lib/clang/10.0.0/include]
  ignore line: [ /usr/include/aarch64-linux-gnu]
  ignore line: [ /usr/include]
  ignore line: [End of search list.]
  ignore line: [Linking CXX executable cmTC_1da52]
  ignore line: [/usr/bin/cmake -E cmake_link_script CMakeFiles/cmTC_1da52.dir/link.txt --verbose=1]
  ignore line: [/usr/bin/c++      -v CMakeFiles/cmTC_1da52.dir/CMakeCXXCompilerABI.cpp.o  -o cmTC_1da52 ]
  ignore line: [clang version 10.0.0-4ubuntu1 ]
  ignore line: [Target: aarch64-unknown-linux-gnu]
  ignore line: [Thread model: posix]
  ignore line: [InstalledDir: /usr/bin]
  ignore line: [Found candidate GCC installation: /usr/bin/../lib/gcc/aarch64-linux-gnu/8]
  ignore line: [Found candidate GCC installation: /usr/bin/../lib/gcc/aarch64-linux-gnu/9]
  ignore line: [Found candidate GCC installation: /usr/lib/gcc/aarch64-linux-gnu/8]
  ignore line: [Found candidate GCC installation: /usr/lib/gcc/aarch64-linux-gnu/9]
  ignore line: [Selected GCC installation: /usr/bin/../lib/gcc/aarch64-linux-gnu/9]
  ignore line: [Candidate multilib: .]
  ignore line: [@m64]
  ignore line: [Selected multilib: .]
  ignore line: [@m64]
  link line: [ "/usr/bin/ld" -EL -z relro --hash-style=gnu --build-id --eh-frame-hdr -m aarch64linux -dynamic-linker /lib/ld-linux-aarch64.so.1 -o cmTC_1da52 /usr/bin/../lib/gcc/aarch64-linux-gnu/9/../../../aarch64-linux-gnu/crt1.o /usr/bin/../lib/gcc/aarch64-linux-gnu/9/../../../aarch64-linux-gnu/crti.o /usr/bin/../lib/gcc/aarch64-linux-gnu/9/crtbegin.o -L/usr/bin/../lib/gcc/aarch64-linux-gnu/9 -L/usr/bin/../lib/gcc/aarch64-linux-gnu/9/../../../aarch64-linux-gnu -L/lib/aarch64-linux-gnu -L/usr/lib/aarch64-linux-gnu -L/usr/bin/../lib/gcc/aarch64-linux-gnu/9/../../.. -L/usr/lib/llvm-10/bin/../lib -L/lib -L/usr/lib CMakeFiles/cmTC_1da52.dir/CMakeCXXCompilerABI.cpp.o -lstdc++ -lm -lgcc_s -lgcc -lc -lgcc_s -lgcc /usr/bin/../lib/gcc/aarch64-linux-gnu/9/crtend.o /usr/bin/../lib/gcc/aarch64-linux-gnu/9/../../../aarch64-linux-gnu/crtn.o]
    arg [/usr/bin/ld] ==> ignore
    arg [-EL] ==> ignore
    arg [-zrelro] ==> ignore
    arg [--hash-style=gnu] ==> ignore
    arg [--build-id] ==> ignore
    arg [--eh-frame-hdr] ==> ignore
    arg [-m] ==> ignore
    arg [aarch64linux] ==> ignore
    arg [-dynamic-linker] ==> ignore
    arg [/lib/ld-linux-aarch64.so.1] ==> ignore
    arg [-o] ==> ignore
    arg [cmTC_1da52] ==> ignore
    arg [/usr/bin/../lib/gcc/aarch64-linux-gnu/9/../../../aarch64-linux-gnu/crt1.o] ==> ignore
    arg [/usr/bin/../lib/gcc/aarch64-linux-gnu/9/../../../aarch64-linux-gnu/crti.o] ==> ignore
    arg [/usr/bin/../lib/gcc/aarch64-linux-gnu/9/crtbegin.o] ==> ignore
    arg [-L/usr/bin/../lib/gcc/aarch64-linux-gnu/9] ==> dir [/usr/bin/../lib/gcc/aarch64-linux-gnu/9]
    arg [-L/usr/bin/../lib/gcc/aarch64-linux-gnu/9/../../../aarch64-linux-gnu] ==> dir [/usr/bin/../lib/gcc/aarch64-linux-gnu/9/../../../aarch64-linux-gnu]
    arg [-L/lib/aarch64-linux-gnu] ==> dir [/lib/aarch64-linux-gnu]
    arg [-L/usr/lib/aarch64-linux-gnu] ==> dir [/usr/lib/aarch64-linux-gnu]
    arg [-L/usr/bin/../lib/gcc/aarch64-linux-gnu/9/../../..] ==> dir [/usr/bin/../lib/gcc/aarch64-linux-gnu/9/../../..]
    arg [-L/usr/lib/llvm-10/bin/../lib] ==> dir [/usr/lib/llvm-10/bin/../lib]
    arg [-L/lib] ==> dir [/lib]
    arg [-L/usr/lib] ==> dir [/usr/lib]
    arg [CMakeFiles/cmTC_1da52.dir/CMakeCXXCompilerABI.cpp.o] ==> ignore
    arg [-lstdc++] ==> lib [stdc++]
    arg [-lm] ==> lib [m]
    arg [-lgcc_s] ==> lib [gcc_s]
    arg [-lgcc] ==> lib [gcc]
    arg [-lc] ==> lib [c]
    arg [-lgcc_s] ==> lib [gcc_s]
    arg [-lgcc] ==> lib [gcc]
    arg [/usr/bin/../lib/gcc/aarch64-linux-gnu/9/crtend.o] ==> ignore
    arg [/usr/bin/../lib/gcc/aarch64-linux-gnu/9/../../../aarch64-linux-gnu/crtn.o] ==> ignore
  collapse library dir [/usr/bin/../lib/gcc/aarch64-linux-gnu/9] ==> [/usr/lib/gcc/aarch64-linux-gnu/9]
  collapse library dir [/usr/bin/../lib/gcc/aarch64-linux-gnu/9/../../../aarch64-linux-gnu] ==> [/usr/lib/aarch64-linux-gnu]
  collapse library dir [/lib/aarch64-linux-gnu] ==> [/lib/aarch64-linux-gnu]
  collapse library dir [/usr/lib/aarch64-linux-gnu] ==> [/usr/lib/aarch64-linux-gnu]
  collapse library dir [/usr/bin/../lib/gcc/aarch64-linux-gnu/9/../../..] ==> [/usr/lib]
  collapse library dir [/usr/lib/llvm-10/bin/../lib] ==> [/usr/lib/llvm-10/lib]
  collapse library dir [/lib] ==> [/lib]
  collapse library dir [/usr/lib] ==> [/usr/lib]
  implicit libs: [stdc++;m;gcc_s;gcc;c;gcc_s;gcc]
  implicit dirs: [/usr/lib/gcc/aarch64-linux-gnu/9;/usr/lib/aarch64-linux-gnu;/lib/aarch64-linux-gnu;/usr/lib;/usr/lib/llvm-10/lib;/lib]
  implicit fwks: []


Determining if the include file pthread.h exists passed with the following output:
Change Dir: /home/uwem/Desktop/490/490p/eva_implementation/seal/CMakeFiles/CMakeTmp

Run Build Command(s):/usr/bin/make cmTC_9a529/fast && /usr/bin/make -f CMakeFiles/cmTC_9a529.dir/build.make CMakeFiles/cmTC_9a529.dir/build
make[1]: Entering directory '/home/uwem/Desktop/490/490p/eva_implementation/seal/CMakeFiles/CMakeTmp'
Building CXX object CMakeFiles/cmTC_9a529.dir/CheckIncludeFile.cxx.o
/usr/bin/c++     -o CMakeFiles/cmTC_9a529.dir/CheckIncludeFile.cxx.o -c /home/uwem/Desktop/490/490p/eva_implementation/seal/CMakeFiles/CMakeTmp/CheckIncludeFile.cxx
Linking CXX executable cmTC_9a529
/usr/bin/cmake -E cmake_link_script CMakeFiles/cmTC_9a529.dir/link.txt --verbose=1
/usr/bin/c++       CMakeFiles/cmTC_9a529.dir/CheckIncludeFile.cxx.o  -o cmTC_9a529 
make[1]: Leaving directory '/home/uwem/Desktop/490/490p/eva_implementation/seal/CMakeFiles/CMakeTmp'



The system is: Linux - 5.4.0-144-generic - aarch64
Compiling the CXX compiler identification source file "CMakeCXXCompilerId.cpp" succeeded.
Compiler: /usr/bin/c++ 
Build flags: 
Id flags:  

The output was:
0


Compilation of the CXX compiler identification source "CMakeCXXCompilerId.cpp" produced "a.out"

The CXX compiler identification is Clang, found in "/home/uwem/Desktop/490/490p/eva_implementation/seal/CMakeFiles/3.16.3/CompilerIdCXX/a.out"

Determining if the CXX compiler works passed with the following output:
Change Dir: /home/uwem/Desktop/490/490p/eva_implementation/seal/CMakeFiles/CMakeTmp

Run Build Command(s):/usr/bin/make cmTC_19dd0/fast && /usr/bin/make -f CMakeFiles/cmTC_19dd0.dir/build.make CMakeFiles/cmTC_19dd0.dir/build
make[1]: Entering directory '/home/uwem/Desktop/490/490p/eva_implementation/seal/CMakeFiles/CMakeTmp'
Building CXX object CMakeFiles/cmTC_19dd0.dir/testCXXCompiler.cxx.o
/usr/bin/c++     -o CMakeFiles/cmTC_19dd0.dir/testCXXCompiler.cxx.o -c /home/uwem/Desktop/490/490p/eva_implementation/seal/CMakeFiles/CMakeTmp/testCXXCompiler.cxx
Linking CXX executable cmTC_19dd0
/usr/bin/cmake -E cmake_link_script CMakeFiles/cmTC_19dd0.dir/link.txt --verbose=1
/usr/bin/c++       CMakeFiles/cmTC_19dd0.dir/testCXXCompiler.cxx.o  -o cmTC_19dd0 
make[1]: Leaving directory '/home/uwem/Desktop/490/490p/eva_implementation/seal/CMakeFiles/CMakeTmp'



Detecting CXX compiler ABI info compiled with the following output:
Change Dir: /home/uwem/Desktop/490/490p/eva_implementation/seal/CMakeFiles/CMakeTmp

Run Build Command(s):/usr/bin/make cmTC_da2c2/fast && /usr/bin/make -f CMakeFiles/cmTC_da2c2.dir/build.make CMakeFiles/cmTC_da2c2.dir/build
make[1]: Entering directory '/home/uwem/Desktop/490/490p/eva_implementation/seal/CMakeFiles/CMakeTmp'
Building CXX object CMakeFiles/cmTC_da2c2.dir/CMakeCXXCompilerABI.cpp.o
/usr/bin/c++    -v -o CMakeFiles/cmTC_da2c2.dir/CMakeCXXCompilerABI.cpp.o -c /usr/share/cmake-3.16/Modules/CMakeCXXCompilerABI.cpp
clang version 10.0.0-4ubuntu1 
Target: aarch64-unknown-linux-gnu
Thread model: posix
InstalledDir: /usr/bin
Found candidate GCC installation: /usr/bin/../lib/gcc/aarch64-linux-gnu/8
Found candidate GCC installation: /usr/bin/../lib/gcc/aarch64-linux-gnu/9
Found candidate GCC installation: /usr/lib/gcc/aarch64-linux-gnu/8
Found candidate GCC installation: /usr/lib/gcc/aarch64-linux-gnu/9
Selected GCC installation: /usr/bin/../lib/gcc/aarch64-linux-gnu/9
Candidate multilib: .;@m64
Selected multilib: .;@m64
 (in-process)
 "/usr/lib/llvm-10/bin/clang" -cc1 -triple aarch64-unknown-linux-gnu -emit-obj -mrelax-all -disable-free -disable-llvm-verifier -discard-value-names -main-file-name CMakeCXXCompilerABI.cpp -mrelocation-model static -mthread-model posix -mframe-pointer=non-leaf -fmath-errno -fno-rounding-math -masm-verbose -mconstructor-aliases -target-cpu generic -target-feature +neon -target-abi aapcs -fallow-half-arguments-and-returns -dwarf-column-info -fno-split-dwarf-inlining -debugger-tuning=gdb -v -resource-dir /usr/lib/llvm-10/lib/clang/10.0.0 -internal-isystem /usr/bin/../lib/gcc/aarch64-linux-gnu/9/../../../../include/c++/9 -internal-isystem /usr/bin/../lib/gcc/aarch64-linux-gnu/9/../../../../include/aarch64-linux-gnu/c++/9 -internal-isystem /usr/bin/../lib/gcc/aarch64-linux-gnu/9/../../../../include/aarch64-linux-gnu/c++/9 -internal-isystem /usr/bin/../lib/gcc/aarch64-linux-gnu/9/../../../../include/c++/9/backward -internal-isystem /usr/local/include -internal-isystem /usr/lib/llvm-10/lib/clang/10.0.0/include -internal-externc-isystem /usr/include/aarch64-linux-gnu -internal-externc-isystem /include -internal-externc-isystem /usr/include -fdeprecated-macro -fdebug-compilation-dir /home/uwem/Desktop/490/490p/eva_implementation/seal/CMakeFiles/CMakeTmp -ferror-limit 19 -fmessage-length 0 -fno-signed-char -fgnuc-version=4.2.1 -fobjc-runtime=gcc -fcxx-exceptions -fexceptions -fdiagnostics-show-option -faddrsig -o CMakeFiles/cmTC_da2c2.dir/CMakeCXXCompilerABI.cpp.o -x c++ /usr/share/cmake-3.16/Modules/CMakeCXXCompilerABI.cpp
clang -cc1 version 10.0.0 based upon LLVM 10.0.0 default target aarch64-unknown-linux-gnu
ignoring nonexistent directory "/include"
ignoring duplicate directory "/usr/bin/../lib/gcc/aarch64-linux-gnu/9/../../../../include/aarch64-linux-gnu/c++/9"
#include "..." search starts here:
#include <...> search starts here:
 /usr/bin/../lib/gcc/aarch64-linux-gnu/9/../../../../include/c++/9
 /usr/bin/../lib/gcc/aarch64-linux-gnu/9/../../../../include/aarch64-linux-gnu/c++/9
 /usr/bin/../lib/gcc/aarch64-linux-gnu/9/../../../../include/c++/9/backward
 /usr/local/include
 /usr/lib/llvm-10/lib/clang/10.0.0/include
 /usr/include/aarch64-linux-gnu
 /usr/include
End of search list.
Linking CXX executable cmTC_da2c2
/usr/bin/cmake -E cmake_link_script CMakeFiles/cmTC_da2c2.dir/link.txt --verbose=1
/usr/bin/c++      -v CMakeFiles/cmTC_da2c2.dir/CMakeCXXCompilerABI.cpp.o  -o cmTC_da2c2 
clang version 10.0.0-4ubuntu1 
Target: aarch64-unknown-linux-gnu
Thread model: posix
InstalledDir: /usr/bin
Found candidate GCC installation: /usr/bin/../lib/gcc/aarch64-linux-gnu/8
Found candidate GCC installation: /usr/bin/../lib/gcc/aarch64-linux-gnu/9
Found candidate GCC installation: /usr/lib/gcc/aarch64-linux-gnu/8
Found candidate GCC installation: /usr/lib/gcc/aarch64-linux-gnu/9
Selected GCC installation: /usr/bin/../lib/gcc/aarch64-linux-gnu/9
Candidate multilib: .;@m64
Selected multilib: .;@m64
 "/usr/bin/ld" -EL -z relro --hash-style=gnu --build-id --eh-frame-hdr -m aarch64linux -dynamic-linker /lib/ld-linux-aarch64.so.1 -o cmTC_da2c2 /usr/bin/../lib/gcc/aarch64-linux-gnu/9/../../../aarch64-linux-gnu/crt1.o /usr/bin/../lib/gcc/aarch64-linux-gnu/9/../../../aarch64-linux-gnu/crti.o /usr/bin/../lib/gcc/aarch64-linux-gnu/9/crtbegin.o -L/usr/bin/../lib/gcc/aarch64-linux-gnu/9 -L/usr/bin/../lib/gcc/aarch64-linux-gnu/9/../../../aarch64-linux-gnu -L/lib/aarch64-linux-gnu -L/usr/lib/aarch64-linux-gnu -L/usr/bin/../lib/gcc/aarch64-linux-gnu/9/../../.. -L/usr/lib/llvm-10/bin/../lib -L/lib -L/usr/lib CMakeFiles/cmTC_da2c2.dir/CMakeCXXCompilerABI.cpp.o -lstdc++ -lm -lgcc_s -lgcc -lc -lgcc_s -lgcc /usr/bin/../lib/gcc/aarch64-linux-gnu/9/crtend.o /usr/bin/../lib/gcc/aarch64-linux-gnu/9/../../../aarch64-linux-gnu/crtn.o
make[1]: Leaving directory '/home/uwem/Desktop/490/490p/eva_implementation/seal/CMakeFiles/CMakeTmp'



Parsed CXX implicit include dir info from above output: rv=done
  found start of include info
  found start of implicit include info
    add: [/usr/bin/../lib/gcc/aarch64-linux-gnu/9/../../../../include/c++/9]
    add: [/usr/bin/../lib/gcc/aarch64-linux-gnu/9/../../../../include/aarch64-linux-gnu/c++/9]
    add: [/usr/bin/../lib/gcc/aarch64-linux-gnu/9/../../../../include/c++/9/backward]
    add: [/usr/local/include]
    add: [/usr/lib/llvm-10/lib/clang/10.0.0/include]
    add: [/usr/include/aarch64-linux-gnu]
    add: [/usr/include]
  end of search list found
  collapse include dir [/usr/bin/../lib/gcc/aarch64-linux-gnu/9/../../../../include/c++/9] ==> [/usr/include/c++/9]
  collapse include dir [/usr/bin/../lib/gcc/aarch64-linux-gnu/9/../../../../include/aarch64-linux-gnu/c++/9] ==> [/usr/include/aarch64-linux-gnu/c++/9]
  collapse include dir [/usr/bin/../lib/gcc/aarch64-linux-gnu/9/../../../../include/c++/9/backward] ==> [/usr/include/c++/9/backward]
  collapse include dir [/usr/local/include] ==> [/usr/local/include]
  collapse include dir [/usr/lib/llvm-10/lib/clang/10.0.0/include] ==> [/usr/lib/llvm-10/lib/clang/10.0.0/include]
  collapse include dir [/usr/include/aarch64-linux-gnu] ==> [/usr/include/aarch64-linux-gnu]
  collapse include dir [/usr/include] ==> [/usr/include]
  implicit include dirs: [/usr/include/c++/9;/usr/include/aarch64-linux-gnu/c++/9;/usr/include/c++/9/backward;/usr/local/include;/usr/lib/llvm-10/lib/clang/10.0.0/include;/usr/include/aarch64-linux-gnu;/usr/include]


Parsed CXX implicit link information from above output:
  link line regex: [^( *|.*[/\])(ld|CMAKE_LINK_STARTFILE-NOTFOUND|([^/\]+-)?ld|collect2)[^/\]*( |$)]
  ignore line: [Change Dir: /home/uwem/Desktop/490/490p/eva_implementation/seal/CMakeFiles/CMakeTmp]
  ignore line: []
  ignore line: [Run Build Command(s):/usr/bin/make cmTC_da2c2/fast && /usr/bin/make -f CMakeFiles/cmTC_da2c2.dir/build.make CMakeFiles/cmTC_da2c2.dir/build]
  ignore line: [make[1]: Entering directory '/home/uwem/Desktop/490/490p/eva_implementation/seal/CMakeFiles/CMakeTmp']
  ignore line: [Building CXX object CMakeFiles/cmTC_da2c2.dir/CMakeCXXCompilerABI.cpp.o]
  ignore line: [/usr/bin/c++    -v -o CMakeFiles/cmTC_da2c2.dir/CMakeCXXCompilerABI.cpp.o -c /usr/share/cmake-3.16/Modules/CMakeCXXCompilerABI.cpp]
  ignore line: [clang version 10.0.0-4ubuntu1 ]
  ignore line: [Target: aarch64-unknown-linux-gnu]
  ignore line: [Thread model: posix]
  ignore line: [InstalledDir: /usr/bin]
  ignore line: [Found candidate GCC installation: /usr/bin/../lib/gcc/aarch64-linux-gnu/8]
  ignore line: [Found candidate GCC installation: /usr/bin/../lib/gcc/aarch64-linux-gnu/9]
  ignore line: [Found candidate GCC installation: /usr/lib/gcc/aarch64-linux-gnu/8]
  ignore line: [Found candidate GCC installation: /usr/lib/gcc/aarch64-linux-gnu/9]
  ignore line: [Selected GCC installation: /usr/bin/../lib/gcc/aarch64-linux-gnu/9]
  ignore line: [Candidate multilib: .]
  ignore line: [@m64]
  ignore line: [Selected multilib: .]
  ignore line: [@m64]
  ignore line: [ (in-process)]
  ignore line: [ "/usr/lib/llvm-10/bin/clang" -cc1 -triple aarch64-unknown-linux-gnu -emit-obj -mrelax-all -disable-free -disable-llvm-verifier -discard-value-names -main-file-name CMakeCXXCompilerABI.cpp -mrelocation-model static -mthread-model posix -mframe-pointer=non-leaf -fmath-errno -fno-rounding-math -masm-verbose -mconstructor-aliases -target-cpu generic -target-feature +neon -target-abi aapcs -fallow-half-arguments-and-returns -dwarf-column-info -fno-split-dwarf-inlining -debugger-tuning=gdb -v -resource-dir /usr/lib/llvm-10/lib/clang/10.0.0 -internal-isystem /usr/bin/../lib/gcc/aarch64-linux-gnu/9/../../../../include/c++/9 -internal-isystem /usr/bin/../lib/gcc/aarch64-linux-gnu/9/../../../../include/aarch64-linux-gnu/c++/9 -internal-isystem /usr/bin/../lib/gcc/aarch64-linux-gnu/9/../../../../include/aarch64-linux-gnu/c++/9 -internal-isystem /usr/bin/../lib/gcc/aarch64-linux-gnu/9/../../../../include/c++/9/backward -internal-isystem /usr/local/include -internal-isystem /usr/lib/llvm-10/lib/clang/10.0.0/include -internal-externc-isystem /usr/include/aarch64-linux-gnu -internal-externc-isystem /include -internal-externc-isystem /usr/include -fdeprecated-macro -fdebug-compilation-dir /home/uwem/Desktop/490/490p/eva_implementation/seal/CMakeFiles/CMakeTmp -ferror-limit 19 -fmessage-length 0 -fno-signed-char -fgnuc-version=4.2.1 -fobjc-runtime=gcc -fcxx-exceptions -fexceptions -fdiagnostics-show-option -faddrsig -o CMakeFiles/cmTC_da2c2.dir/CMakeCXXCompilerABI.cpp.o -x c++ /usr/share/cmake-3.16/Modules/CMakeCXXCompilerABI.cpp]
  ignore line: [clang -cc1 version 10.0.0 based upon LLVM 10.0.0 default target aarch64-unknown-linux-gnu]
  ignore line: [ignoring nonexistent directory "/include"]
  ignore line: [ignoring duplicate directory "/usr/bin/../lib/gcc/aarch64-linux-gnu/9/../../../../include/aarch64-linux-gnu/c++/9"]
  ignore line: [#include "..." search starts here:]
  ignore line: [#include <...> search starts here:]
  ignore line: [ /usr/bin/../lib/gcc/aarch64-linux-gnu/9/../../../../include/c++/9]
  ignore line: [ /usr/bin/../lib/gcc/aarch64-linux-gnu/9/../../../../include/aarch64-linux-gnu/c++/9]
  ignore line: [ /usr/bin/../lib/gcc/aarch64-linux-gnu/9/../../../../include/c++/9/backward]
  ignore line: [ /usr/local/include]
  ignore line: [ /usr/lib/llvm-10/lib/clang/10.0.0/include]
  ignore line: [ /usr/include/aarch64-linux-gnu]
  ignore line: [ /usr/include]
  ignore line: [End of search list.]
  ignore line: [Linking CXX executable cmTC_da2c2]
  ignore line: [/usr/bin/cmake -E cmake_link_script CMakeFiles/cmTC_da2c2.dir/link.txt --verbose=1]
  ignore line: [/usr/bin/c++      -v CMakeFiles/cmTC_da2c2.dir/CMakeCXXCompilerABI.cpp.o  -o cmTC_da2c2 ]
  ignore line: [clang version 10.0.0-4ubuntu1 ]
  ignore line: [Target: aarch64-unknown-linux-gnu]
  ignore line: [Thread model: posix]
  ignore line: [InstalledDir: /usr/bin]
  ignore line: [Found candidate GCC installation: /usr/bin/../lib/gcc/aarch64-linux-gnu/8]
  ignore line: [Found candidate GCC installation: /usr/bin/../lib/gcc/aarch64-linux-gnu/9]
  ignore line: [Found candidate GCC installation: /usr/lib/gcc/aarch64-linux-gnu/8]
  ignore line: [Found candidate GCC installation: /usr/lib/gcc/aarch64-linux-gnu/9]
  ignore line: [Selected GCC installation: /usr/bin/../lib/gcc/aarch64-linux-gnu/9]
  ignore line: [Candidate multilib: .]
  ignore line: [@m64]
  ignore line: [Selected multilib: .]
  ignore line: [@m64]
  link line: [ "/usr/bin/ld" -EL -z relro --hash-style=gnu --build-id --eh-frame-hdr -m aarch64linux -dynamic-linker /lib/ld-linux-aarch64.so.1 -o cmTC_da2c2 /usr/bin/../lib/gcc/aarch64-linux-gnu/9/../../../aarch64-linux-gnu/crt1.o /usr/bin/../lib/gcc/aarch64-linux-gnu/9/../../../aarch64-linux-gnu/crti.o /usr/bin/../lib/gcc/aarch64-linux-gnu/9/crtbegin.o -L/usr/bin/../lib/gcc/aarch64-linux-gnu/9 -L/usr/bin/../lib/gcc/aarch64-linux-gnu/9/../../../aarch64-linux-gnu -L/lib/aarch64-linux-gnu -L/usr/lib/aarch64-linux-gnu -L/usr/bin/../lib/gcc/aarch64-linux-gnu/9/../../.. -L/usr/lib/llvm-10/bin/../lib -L/lib -L/usr/lib CMakeFiles/cmTC_da2c2.dir/CMakeCXXCompilerABI.cpp.o -lstdc++ -lm -lgcc_s -lgcc -lc -lgcc_s -lgcc /usr/bin/../lib/gcc/aarch64-linux-gnu/9/crtend.o /usr/bin/../lib/gcc/aarch64-linux-gnu/9/../../../aarch64-linux-gnu/crtn.o]
    arg [/usr/bin/ld] ==> ignore
    arg [-EL] ==> ignore
    arg [-zrelro] ==> ignore
    arg [--hash-style=gnu] ==> ignore
    arg [--build-id] ==> ignore
    arg [--eh-frame-hdr] ==> ignore
    arg [-m] ==> ignore
    arg [aarch64linux] ==> ignore
    arg [-dynamic-linker] ==> ignore
    arg [/lib/ld-linux-aarch64.so.1] ==> ignore
    arg [-o] ==> ignore
    arg [cmTC_da2c2] ==> ignore
    arg [/usr/bin/../lib/gcc/aarch64-linux-gnu/9/../../../aarch64-linux-gnu/crt1.o] ==> ignore
    arg [/usr/bin/../lib/gcc/aarch64-linux-gnu/9/../../../aarch64-linux-gnu/crti.o] ==> ignore
    arg [/usr/bin/../lib/gcc/aarch64-linux-gnu/9/crtbegin.o] ==> ignore
    arg [-L/usr/bin/../lib/gcc/aarch64-linux-gnu/9] ==> dir [/usr/bin/../lib/gcc/aarch64-linux-gnu/9]
    arg [-L/usr/bin/../lib/gcc/aarch64-linux-gnu/9/../../../aarch64-linux-gnu] ==> dir [/usr/bin/../lib/gcc/aarch64-linux-gnu/9/../../../aarch64-linux-gnu]
    arg [-L/lib/aarch64-linux-gnu] ==> dir [/lib/aarch64-linux-gnu]
    arg [-L/usr/lib/aarch64-linux-gnu] ==> dir [/usr/lib/aarch64-linux-gnu]
    arg [-L/usr/bin/../lib/gcc/aarch64-linux-gnu/9/../../..] ==> dir [/usr/bin/../lib/gcc/aarch64-linux-gnu/9/../../..]
    arg [-L/usr/lib/llvm-10/bin/../lib] ==> dir [/usr/lib/llvm-10/bin/../lib]
    arg [-L/lib] ==> dir [/lib]
    arg [-L/usr/lib] ==> dir [/usr/lib]
    arg [CMakeFiles/cmTC_da2c2.dir/CMakeCXXCompilerABI.cpp.o] ==> ignore
    arg [-lstdc++] ==> lib [stdc++]
    arg [-lm] ==> lib [m]
    arg [-lgcc_s] ==> lib [gcc_s]
    arg [-lgcc] ==> lib [gcc]
    arg [-lc] ==> lib [c]
    arg [-lgcc_s] ==> lib [gcc_s]
    arg [-lgcc] ==> lib [gcc]
    arg [/usr/bin/../lib/gcc/aarch64-linux-gnu/9/crtend.o] ==> ignore
    arg [/usr/bin/../lib/gcc/aarch64-linux-gnu/9/../../../aarch64-linux-gnu/crtn.o] ==> ignore
  collapse library dir [/usr/bin/../lib/gcc/aarch64-linux-gnu/9] ==> [/usr/lib/gcc/aarch64-linux-gnu/9]
  collapse library dir [/usr/bin/../lib/gcc/aarch64-linux-gnu/9/../../../aarch64-linux-gnu] ==> [/usr/lib/aarch64-linux-gnu]
  collapse library dir [/lib/aarch64-linux-gnu] ==> [/lib/aarch64-linux-gnu]
  collapse library dir [/usr/lib/aarch64-linux-gnu] ==> [/usr/lib/aarch64-linux-gnu]
  collapse library dir [/usr/bin/../lib/gcc/aarch64-linux-gnu/9/../../..] ==> [/usr/lib]
  collapse library dir [/usr/lib/llvm-10/bin/../lib] ==> [/usr/lib/llvm-10/lib]
  collapse library dir [/lib] ==> [/lib]
  collapse library dir [/usr/lib] ==> [/usr/lib]
  implicit libs: [stdc++;m;gcc_s;gcc;c;gcc_s;gcc]
  implicit dirs: [/usr/lib/gcc/aarch64-linux-gnu/9;/usr/lib/aarch64-linux-gnu;/lib/aarch64-linux-gnu;/usr/lib;/usr/lib/llvm-10/lib;/lib]
  implicit fwks: []


Determining if the include file pthread.h exists passed with the following output:
Change Dir: /home/uwem/Desktop/490/490p/eva_implementation/seal/CMakeFiles/CMakeTmp

Run Build Command(s):/usr/bin/make cmTC_620b1/fast && /usr/bin/make -f CMakeFiles/cmTC_620b1.dir/build.make CMakeFiles/cmTC_620b1.dir/build
make[1]: Entering directory '/home/uwem/Desktop/490/490p/eva_implementation/seal/CMakeFiles/CMakeTmp'
Building CXX object CMakeFiles/cmTC_620b1.dir/CheckIncludeFile.cxx.o
/usr/bin/c++     -o CMakeFiles/cmTC_620b1.dir/CheckIncludeFile.cxx.o -c /home/uwem/Desktop/490/490p/eva_implementation/seal/CMakeFiles/CMakeTmp/CheckIncludeFile.cxx
Linking CXX executable cmTC_620b1
/usr/bin/cmake -E cmake_link_script CMakeFiles/cmTC_620b1.dir/link.txt --verbose=1
/usr/bin/c++       CMakeFiles/cmTC_620b1.dir/CheckIncludeFile.cxx.o  -o cmTC_620b1 
make[1]: Leaving directory '/home/uwem/Desktop/490/490p/eva_implementation/seal/CMakeFiles/CMakeTmp'



Compiling the C compiler identification source file "CMakeCCompilerId.c" succeeded.
Compiler: /usr/bin/cc 
Build flags: 
Id flags:  

The output was:
0


Compilation of the C compiler identification source "CMakeCCompilerId.c" produced "a.out"

The C compiler identification is Clang, found in "/home/uwem/Desktop/490/490p/eva_implementation/seal/CMakeFiles/3.16.3/CompilerIdC/a.out"

Determining if the C compiler works passed with the following output:
Change Dir: /home/uwem/Desktop/490/490p/eva_implementation/seal/CMakeFiles/CMakeTmp

Run Build Command(s):/usr/bin/make cmTC_6527c/fast && /usr/bin/make -f CMakeFiles/cmTC_6527c.dir/build.make CMakeFiles/cmTC_6527c.dir/build
make[1]: Entering directory '/home/uwem/Desktop/490/490p/eva_implementation/seal/CMakeFiles/CMakeTmp'
Building C object CMakeFiles/cmTC_6527c.dir/testCCompiler.c.o
/usr/bin/cc    -o CMakeFiles/cmTC_6527c.dir/testCCompiler.c.o   -c /home/uwem/Desktop/490/490p/eva_implementation/seal/CMakeFiles/CMakeTmp/testCCompiler.c
Linking C executable cmTC_6527c
/usr/bin/cmake -E cmake_link_script CMakeFiles/cmTC_6527c.dir/link.txt --verbose=1
/usr/bin/cc      CMakeFiles/cmTC_6527c.dir/testCCompiler.c.o  -o cmTC_6527c 
make[1]: Leaving directory '/home/uwem/Desktop/490/490p/eva_implementation/seal/CMakeFiles/CMakeTmp'



Detecting C compiler ABI info compiled with the following output:
Change Dir: /home/uwem/Desktop/490/490p/eva_implementation/seal/CMakeFiles/CMakeTmp

Run Build Command(s):/usr/bin/make cmTC_3fd7d/fast && /usr/bin/make -f CMakeFiles/cmTC_3fd7d.dir/build.make CMakeFiles/cmTC_3fd7d.dir/build
make[1]: Entering directory '/home/uwem/Desktop/490/490p/eva_implementation/seal/CMakeFiles/CMakeTmp'
Building C object CMakeFiles/cmTC_3fd7d.dir/CMakeCCompilerABI.c.o
/usr/bin/cc   -v -o CMakeFiles/cmTC_3fd7d.dir/CMakeCCompilerABI.c.o   -c /usr/share/cmake-3.16/Modules/CMakeCCompilerABI.c
clang version 10.0.0-4ubuntu1 
Target: aarch64-unknown-linux-gnu
Thread model: posix
InstalledDir: /usr/bin
Found candidate GCC installation: /usr/bin/../lib/gcc/aarch64-linux-gnu/8
Found candidate GCC installation: /usr/bin/../lib/gcc/aarch64-linux-gnu/9
Found candidate GCC installation: /usr/lib/gcc/aarch64-linux-gnu/8
Found candidate GCC installation: /usr/lib/gcc/aarch64-linux-gnu/9
Selected GCC installation: /usr/bin/../lib/gcc/aarch64-linux-gnu/9
Candidate multilib: .;@m64
Selected multilib: .;@m64
 (in-process)
 "/usr/lib/llvm-10/bin/clang" -cc1 -triple aarch64-unknown-linux-gnu -emit-obj -mrelax-all -disable-free -disable-llvm-verifier -discard-value-names -main-file-name CMakeCCompilerABI.c -mrelocation-model static -mthread-model posix -mframe-pointer=non-leaf -fmath-errno -fno-rounding-math -masm-verbose -mconstructor-aliases -target-cpu generic -target-feature +neon -target-abi aapcs -fallow-half-arguments-and-returns -dwarf-column-info -fno-split-dwarf-inlining -debugger-tuning=gdb -v -resource-dir /usr/lib/llvm-10/lib/clang/10.0.0 -internal-isystem /usr/local/include -internal-isystem /usr/lib/llvm-10/lib/clang/10.0.0/include -internal-externc-isystem /usr/include/aarch64-linux-gnu -internal-externc-isystem /include -internal-externc-isystem /usr/include -fdebug-compilation-dir /home/uwem/Desktop/490/490p/eva_implementation/seal/CMakeFiles/CMakeTmp -ferror-limit 19 -fmessage-length 0 -fno-signed-char -fgnuc-version=4.2.1 -fobjc-runtime=gcc -fdiagnostics-show-option -faddrsig -o CMakeFiles/cmTC_3fd7d.dir/CMakeCCompilerABI.c.o -x c /usr/share/cmake-3.16/Modules/CMakeCCompilerABI.c
clang -cc1 version 10.0.0 based upon LLVM 10.0.0 default target aarch64-unknown-linux-gnu
ignoring nonexistent directory "/include"
#include "..." search starts here:
#include <...> search starts here:
 /usr/local/include
 /usr/lib/llvm-10/lib/clang/10.0.0/include
 /usr/include/aarch64-linux-gnu
 /usr/include
End of search list.
Linking C executable cmTC_3fd7d
/usr/bin/cmake -E cmake_link_script CMakeFiles/cmTC_3fd7d.dir/link.txt --verbose=1
/usr/bin/cc     -v CMakeFiles/cmTC_3fd7d.dir/CMakeCCompilerABI.c.o  -o cmTC_3fd7d 
clang version 10.0.0-4ubuntu1 
Target: aarch64-unknown-linux-gnu
Thread model: posix
InstalledDir: /usr/bin
Found candidate GCC installation: /usr/bin/../lib/gcc/aarch64-linux-gnu/8
Found candidate GCC installation: /usr/bin/../lib/gcc/aarch64-linux-gnu/9
Found candidate GCC installation: /usr/lib/gcc/aarch64-linux-gnu/8
Found candidate GCC installation: /usr/lib/gcc/aarch64-linux-gnu/9
Selected GCC installation: /usr/bin/../lib/gcc/aarch64-linux-gnu/9
Candidate multilib: .;@m64
Selected multilib: .;@m64
 "/usr/bin/ld" -EL -z relro --hash-style=gnu --build-id --eh-frame-hdr -m aarch64linux -dynamic-linker /lib/ld-linux-aarch64.so.1 -o cmTC_3fd7d /usr/bin/../lib/gcc/aarch64-linux-gnu/9/../../../aarch64-linux-gnu/crt1.o /usr/bin/../lib/gcc/aarch64-linux-gnu/9/../../../aarch64-linux-gnu/crti.o /usr/bin/../lib/gcc/aarch64-linux-gnu/9/crtbegin.o -L/usr/bin/../lib/gcc/aarch64-linux-gnu/9 -L/usr/bin/../lib/gcc/aarch64-linux-gnu/9/../../../aarch64-linux-gnu -L/lib/aarch64-linux-gnu -L/usr/lib/aarch64-linux-gnu -L/usr/bin/../lib/gcc/aarch64-linux-gnu/9/../../.. -L/usr/lib/llvm-10/bin/../lib -L/lib -L/usr/lib CMakeFiles/cmTC_3fd7d.dir/CMakeCCompilerABI.c.o -lgcc --as-needed -lgcc_s --no-as-needed -lc -lgcc --as-needed -lgcc_s --no-as-needed /usr/bin/../lib/gcc/aarch64-linux-gnu/9/crtend.o /usr/bin/../lib/gcc/aarch64-linux-gnu/9/../../../aarch64-linux-gnu/crtn.o
make[1]: Leaving directory '/home/uwem/Desktop/490/490p/eva_implementation/seal/CMakeFiles/CMakeTmp'



Parsed C implicit include dir info from above output: rv=done
  found start of include info
  found start of implicit include info
    add: [/usr/local/include]
    add: [/usr/lib/llvm-10/lib/clang/10.0.0/include]
    add: [/usr/include/aarch64-linux-gnu]
    add: [/usr/include]
  end of search list found
  collapse include dir [/usr/local/include] ==> [/usr/local/include]
  collapse include dir [/usr/lib/llvm-10/lib/clang/10.0.0/include] ==> [/usr/lib/llvm-10/lib/clang/10.0.0/include]
  collapse include dir [/usr/include/aarch64-linux-gnu] ==> [/usr/include/aarch64-linux-gnu]
  collapse include dir [/usr/include] ==> [/usr/include]
  implicit include dirs: [/usr/local/include;/usr/lib/llvm-10/lib/clang/10.0.0/include;/usr/include/aarch64-linux-gnu;/usr/include]


Parsed C implicit link information from above output:
  link line regex: [^( *|.*[/\])(ld|CMAKE_LINK_STARTFILE-NOTFOUND|([^/\]+-)?ld|collect2)[^/\]*( |$)]
  ignore line: [Change Dir: /home/uwem/Desktop/490/490p/eva_implementation/seal/CMakeFiles/CMakeTmp]
  ignore line: []
  ignore line: [Run Build Command(s):/usr/bin/make cmTC_3fd7d/fast && /usr/bin/make -f CMakeFiles/cmTC_3fd7d.dir/build.make CMakeFiles/cmTC_3fd7d.dir/build]
  ignore line: [make[1]: Entering directory '/home/uwem/Desktop/490/490p/eva_implementation/seal/CMakeFiles/CMakeTmp']
  ignore line: [Building C object CMakeFiles/cmTC_3fd7d.dir/CMakeCCompilerABI.c.o]
  ignore line: [/usr/bin/cc   -v -o CMakeFiles/cmTC_3fd7d.dir/CMakeCCompilerABI.c.o   -c /usr/share/cmake-3.16/Modules/CMakeCCompilerABI.c]
  ignore line: [clang version 10.0.0-4ubuntu1 ]
  ignore line: [Target: aarch64-unknown-linux-gnu]
  ignore line: [Thread model: posix]
  ignore line: [InstalledDir: /usr/bin]
  ignore line: [Found candidate GCC installation: /usr/bin/../lib/gcc/aarch64-linux-gnu/8]
  ignore line: [Found candidate GCC installation: /usr/bin/../lib/gcc/aarch64-linux-gnu/9]
  ignore line: [Found candidate GCC installation: /usr/lib/gcc/aarch64-linux-gnu/8]
  ignore line: [Found candidate GCC installation: /usr/lib/gcc/aarch64-linux-gnu/9]
  ignore line: [Selected GCC installation: /usr/bin/../lib/gcc/aarch64-linux-gnu/9]
  ignore line: [Candidate multilib: .]
  ignore line: [@m64]
  ignore line: [Selected multilib: .]
  ignore line: [@m64]
  ignore line: [ (in-process)]
  ignore line: [ "/usr/lib/llvm-10/bin/clang" -cc1 -triple aarch64-unknown-linux-gnu -emit-obj -mrelax-all -disable-free -disable-llvm-verifier -discard-value-names -main-file-name CMakeCCompilerABI.c -mrelocation-model static -mthread-model posix -mframe-pointer=non-leaf -fmath-errno -fno-rounding-math -masm-verbose -mconstructor-aliases -target-cpu generic -target-feature +neon -target-abi aapcs -fallow-half-arguments-and-returns -dwarf-column-info -fno-split-dwarf-inlining -debugger-tuning=gdb -v -resource-dir /usr/lib/llvm-10/lib/clang/10.0.0 -internal-isystem /usr/local/include -internal-isystem /usr/lib/llvm-10/lib/clang/10.0.0/include -internal-externc-isystem /usr/include/aarch64-linux-gnu -internal-externc-isystem /include -internal-externc-isystem /usr/include -fdebug-compilation-dir /home/uwem/Desktop/490/490p/eva_implementation/seal/CMakeFiles/CMakeTmp -ferror-limit 19 -fmessage-length 0 -fno-signed-char -fgnuc-version=4.2.1 -fobjc-runtime=gcc -fdiagnostics-show-option -faddrsig -o CMakeFiles/cmTC_3fd7d.dir/CMakeCCompilerABI.c.o -x c /usr/share/cmake-3.16/Modules/CMakeCCompilerABI.c]
  ignore line: [clang -cc1 version 10.0.0 based upon LLVM 10.0.0 default target aarch64-unknown-linux-gnu]
  ignore line: [ignoring nonexistent directory "/include"]
  ignore line: [#include "..." search starts here:]
  ignore line: [#include <...> search starts here:]
  ignore line: [ /usr/local/include]
  ignore line: [ /usr/lib/llvm-10/lib/clang/10.0.0/include]
  ignore line: [ /usr/include/aarch64-linux-gnu]
  ignore line: [ /usr/include]
  ignore line: [End of search list.]
  ignore line: [Linking C executable cmTC_3fd7d]
  ignore line: [/usr/bin/cmake -E cmake_link_script CMakeFiles/cmTC_3fd7d.dir/link.txt --verbose=1]
  ignore line: [/usr/bin/cc     -v CMakeFiles/cmTC_3fd7d.dir/CMakeCCompilerABI.c.o  -o cmTC_3fd7d ]
  ignore line: [clang version 10.0.0-4ubuntu1 ]
  ignore line: [Target: aarch64-unknown-linux-gnu]
  ignore line: [Thread model: posix]
  ignore line: [InstalledDir: /usr/bin]
  ignore line: [Found candidate GCC installation: /usr/bin/../lib/gcc/aarch64-linux-gnu/8]
  ignore line: [Found candidate GCC installation: /usr/bin/../lib/gcc/aarch64-linux-gnu/9]
  ignore line: [Found candidate GCC installation: /usr/lib/gcc/aarch64-linux-gnu/8]
  ignore line: [Found candidate GCC installation: /usr/lib/gcc/aarch64-linux-gnu/9]
  ignore line: [Selected GCC installation: /usr/bin/../lib/gcc/aarch64-linux-gnu/9]
  ignore line: [Candidate multilib: .]
  ignore line: [@m64]
  ignore line: [Selected multilib: .]
  ignore line: [@m64]
  link line: [ "/usr/bin/ld" -EL -z relro --hash-style=gnu --build-id --eh-frame-hdr -m aarch64linux -dynamic-linker /lib/ld-linux-aarch64.so.1 -o cmTC_3fd7d /usr/bin/../lib/gcc/aarch64-linux-gnu/9/../../../aarch64-linux-gnu/crt1.o /usr/bin/../lib/gcc/aarch64-linux-gnu/9/../../../aarch64-linux-gnu/crti.o /usr/bin/../lib/gcc/aarch64-linux-gnu/9/crtbegin.o -L/usr/bin/../lib/gcc/aarch64-linux-gnu/9 -L/usr/bin/../lib/gcc/aarch64-linux-gnu/9/../../../aarch64-linux-gnu -L/lib/aarch64-linux-gnu -L/usr/lib/aarch64-linux-gnu -L/usr/bin/../lib/gcc/aarch64-linux-gnu/9/../../.. -L/usr/lib/llvm-10/bin/../lib -L/lib -L/usr/lib CMakeFiles/cmTC_3fd7d.dir/CMakeCCompilerABI.c.o -lgcc --as-needed -lgcc_s --no-as-needed -lc -lgcc --as-needed -lgcc_s --no-as-needed /usr/bin/../lib/gcc/aarch64-linux-gnu/9/crtend.o /usr/bin/../lib/gcc/aarch64-linux-gnu/9/../../../aarch64-linux-gnu/crtn.o]
    arg [/usr/bin/ld] ==> ignore
    arg [-EL] ==> ignore
    arg [-zrelro] ==> ignore
    arg [--hash-style=gnu] ==> ignore
    arg [--build-id] ==> ignore
    arg [--eh-frame-hdr] ==> ignore
    arg [-m] ==> ignore
    arg [aarch64linux] ==> ignore
    arg [-dynamic-linker] ==> ignore
    arg [/lib/ld-linux-aarch64.so.1] ==> ignore
    arg [-o] ==> ignore
    arg [cmTC_3fd7d] ==> ignore
    arg [/usr/bin/../lib/gcc/aarch64-linux-gnu/9/../../../aarch64-linux-gnu/crt1.o] ==> ignore
    arg [/usr/bin/../lib/gcc/aarch64-linux-gnu/9/../../../aarch64-linux-gnu/crti.o] ==> ignore
    arg [/usr/bin/../lib/gcc/aarch64-linux-gnu/9/crtbegin.o] ==> ignore
    arg [-L/usr/bin/../lib/gcc/aarch64-linux-gnu/9] ==> dir [/usr/bin/../lib/gcc/aarch64-linux-gnu/9]
    arg [-L/usr/bin/../lib/gcc/aarch64-linux-gnu/9/../../../aarch64-linux-gnu] ==> dir [/usr/bin/../lib/gcc/aarch64-linux-gnu/9/../../../aarch64-linux-gnu]
    arg [-L/lib/aarch64-linux-gnu] ==> dir [/lib/aarch64-linux-gnu]
    arg [-L/usr/lib/aarch64-linux-gnu] ==> dir [/usr/lib/aarch64-linux-gnu]
    arg [-L/usr/bin/../lib/gcc/aarch64-linux-gnu/9/../../..] ==> dir [/usr/bin/../lib/gcc/aarch64-linux-gnu/9/../../..]
    arg [-L/usr/lib/llvm-10/bin/../lib] ==> dir [/usr/lib/llvm-10/bin/../lib]
    arg [-L/lib] ==> dir [/lib]
    arg [-L/usr/lib] ==> dir [/usr/lib]
    arg [CMakeFiles/cmTC_3fd7d.dir/CMakeCCompilerABI.c.o] ==> ignore
    arg [-lgcc] ==> lib [gcc]
    arg [--as-needed] ==> ignore
    arg [-lgcc_s] ==> lib [gcc_s]
    arg [--no-as-needed] ==> ignore
    arg [-lc] ==> lib [c]
    arg [-lgcc] ==> lib [gcc]
    arg [--as-needed] ==> ignore
    arg [-lgcc_s] ==> lib [gcc_s]
    arg [--no-as-needed] ==> ignore
    arg [/usr/bin/../lib/gcc/aarch64-linux-gnu/9/crtend.o] ==> ignore
    arg [/usr/bin/../lib/gcc/aarch64-linux-gnu/9/../../../aarch64-linux-gnu/crtn.o] ==> ignore
  collapse library dir [/usr/bin/../lib/gcc/aarch64-linux-gnu/9] ==> [/usr/lib/gcc/aarch64-linux-gnu/9]
  collapse library dir [/usr/bin/../lib/gcc/aarch64-linux-gnu/9/../../../aarch64-linux-gnu] ==> [/usr/lib/aarch64-linux-gnu]
  collapse library dir [/lib/aarch64-linux-gnu] ==> [/lib/aarch64-linux-gnu]
  collapse library dir [/usr/lib/aarch64-linux-gnu] ==> [/usr/lib/aarch64-linux-gnu]
  collapse library dir [/usr/bin/../lib/gcc/aarch64-linux-gnu/9/../../..] ==> [/usr/lib]
  collapse library dir [/usr/lib/llvm-10/bin/../lib] ==> [/usr/lib/llvm-10/lib]
  collapse library dir [/lib] ==> [/lib]
  collapse library dir [/usr/lib] ==> [/usr/lib]
  implicit libs: [gcc;gcc_s;c;gcc;gcc_s]
  implicit dirs: [/usr/lib/gcc/aarch64-linux-gnu/9;/usr/lib/aarch64-linux-gnu;/lib/aarch64-linux-gnu;/usr/lib;/usr/lib/llvm-10/lib;/lib]
  implicit fwks: []


